✅ Selected model for tess: /home/s25vargason1/tess/stylegan2-ada-pytorch/results/00008-post-impressionist-auto1-ada-resumecustom/network-snapshot-000330.pkl
Using device: cuda
Output folder ./generated_images prepared.
Loading network from /home/s25vargason1/tess/stylegan2-ada-pytorch/results/00008-post-impressionist-auto1-ada-resumecustom/network-snapshot-000330.pkl...
✅ Network loaded!
No seeds provided, generating 10 random images...
Generating image for seed 1016897888...
Setting up PyTorch plugin "bias_act_plugin"... Done.
Setting up PyTorch plugin "upfirdn2d_plugin"... Done.
Saved ./generated_images/1016897888.jpg
Generating image for seed 878856615...
Saved ./generated_images/878856615.jpg
Generating image for seed 579797876...
Saved ./generated_images/579797876.jpg
Generating image for seed 990776776...
Saved ./generated_images/990776776.jpg
Generating image for seed 2142795295...
Saved ./generated_images/2142795295.jpg
Generating image for seed 1676200824...
Saved ./generated_images/1676200824.jpg
Generating image for seed 210115948...
Saved ./generated_images/210115948.jpg
Generating image for seed 893979243...
Saved ./generated_images/893979243.jpg
Generating image for seed 1559632946...
Saved ./generated_images/1559632946.jpg
Generating image for seed 1791238653...
Saved ./generated_images/1791238653.jpg
✅ Done generating all images!
