✅ Selected model for richard: /home/s25vargason1/richard/512_basic_training/stylegan2-ada-pytorch/results/00008-post-impressionist-auto1-ada-resumecustom/network-snapshot-000900.pkl
Using device: cuda
Output folder ./generated_grids prepared.
Loading network from /home/s25vargason1/richard/512_basic_training/stylegan2-ada-pytorch/results/00008-post-impressionist-auto1-ada-resumecustom/network-snapshot-000900.pkl...
✅ Network loaded!
No seeds provided, generating 25 random images...
Generating image for seed 380749981...
Setting up PyTorch plugin "bias_act_plugin"... Done.
Setting up PyTorch plugin "upfirdn2d_plugin"... Done.
Generated image for seed 380749981
Generating image for seed 1500819477...
Generated image for seed 1500819477
Generating image for seed 1892809434...
Generated image for seed 1892809434
Generating image for seed 1335514354...
Generated image for seed 1335514354
Generating image for seed 1162456224...
Generated image for seed 1162456224
Generating image for seed 916116563...
Generated image for seed 916116563
Generating image for seed 1211790919...
Generated image for seed 1211790919
Generating image for seed 1886651673...
Generated image for seed 1886651673
Generating image for seed 1649419677...
Generated image for seed 1649419677
Generating image for seed 1118022096...
Generated image for seed 1118022096
Generating image for seed 928959200...
Generated image for seed 928959200
Generating image for seed 426284848...
Generated image for seed 426284848
Generating image for seed 1915747529...
Generated image for seed 1915747529
Generating image for seed 938797192...
Generated image for seed 938797192
Generating image for seed 383957650...
Generated image for seed 383957650
Generating image for seed 762126633...
Generated image for seed 762126633
Generating image for seed 636713810...
Generated image for seed 636713810
Generating image for seed 801172761...
Generated image for seed 801172761
Generating image for seed 1208532147...
Generated image for seed 1208532147
Generating image for seed 955171673...
Generated image for seed 955171673
Generating image for seed 2062298994...
Generated image for seed 2062298994
Generating image for seed 1636589563...
Generated image for seed 1636589563
Generating image for seed 1709088025...
Generated image for seed 1709088025
Generating image for seed 424492270...
Generated image for seed 424492270
Generating image for seed 1348901804...
Generated image for seed 1348901804
✅ Saved image grid at ./generated_grids/image_grid.jpg
