✅ Selected model for tess: /home/s25vargason1/tess/stylegan2-ada-pytorch/results/00006-post-impressionist-auto1-ada-resumecustom/network-snapshot-000800.pkl
Using device: cuda
Output folder ./generated_images prepared.
Loading network from /home/s25vargason1/tess/stylegan2-ada-pytorch/results/00006-post-impressionist-auto1-ada-resumecustom/network-snapshot-000800.pkl...
✅ Network loaded!
No seeds provided, generating 10 random images...
Generating image for seed 1040285966...
Setting up PyTorch plugin "bias_act_plugin"... Done.
Setting up PyTorch plugin "upfirdn2d_plugin"... Done.
Saved ./generated_images/1040285966.jpg
Generating image for seed 1078910517...
Saved ./generated_images/1078910517.jpg
Generating image for seed 953759995...
Saved ./generated_images/953759995.jpg
Generating image for seed 1065090453...
Saved ./generated_images/1065090453.jpg
Generating image for seed 1660625678...
Saved ./generated_images/1660625678.jpg
Generating image for seed 672015022...
Saved ./generated_images/672015022.jpg
Generating image for seed 1187132684...
Saved ./generated_images/1187132684.jpg
Generating image for seed 813115542...
Saved ./generated_images/813115542.jpg
Generating image for seed 1091256834...
Saved ./generated_images/1091256834.jpg
Generating image for seed 1965202427...
Saved ./generated_images/1965202427.jpg
✅ Done generating all images!
