✅ Selected model for tess: /home/s25vargason1/tess/stylegan2-ada-pytorch/results/00008-post-impressionist-auto1-ada-resumecustom/network-snapshot-000330.pkl
Using device: cuda
Output folder ./generated_images prepared.
Loading network from /home/s25vargason1/tess/stylegan2-ada-pytorch/results/00008-post-impressionist-auto1-ada-resumecustom/network-snapshot-000330.pkl...
✅ Network loaded!
No seeds provided, generating 10 random images...
Generating image for seed 1368181634...
Setting up PyTorch plugin "bias_act_plugin"... Done.
Setting up PyTorch plugin "upfirdn2d_plugin"... Done.
Saved ./generated_images/1368181634.jpg
Generating image for seed 1198697115...
Saved ./generated_images/1198697115.jpg
Generating image for seed 1392835667...
Saved ./generated_images/1392835667.jpg
Generating image for seed 1895839336...
Saved ./generated_images/1895839336.jpg
Generating image for seed 2080263048...
Saved ./generated_images/2080263048.jpg
Generating image for seed 1133997711...
Saved ./generated_images/1133997711.jpg
Generating image for seed 1422464463...
Saved ./generated_images/1422464463.jpg
Generating image for seed 1656580060...
Saved ./generated_images/1656580060.jpg
Generating image for seed 1845689299...
Saved ./generated_images/1845689299.jpg
Generating image for seed 1655519379...
Saved ./generated_images/1655519379.jpg
✅ Done generating all images!
