✅ Selected model for tess: /home/s25vargason1/tess/stylegan2-ada-pytorch/results/00008-post-impressionist-auto1-ada-resumecustom/network-snapshot-000330.pkl
Using device: cuda
Output folder ./generated_images prepared.
Loading network from /home/s25vargason1/tess/stylegan2-ada-pytorch/results/00008-post-impressionist-auto1-ada-resumecustom/network-snapshot-000330.pkl...
✅ Network loaded!
No seeds provided, generating 10 random images...
Generating image for seed 45886717...
Setting up PyTorch plugin "bias_act_plugin"... Done.
Setting up PyTorch plugin "upfirdn2d_plugin"... Done.
Saved ./generated_images/45886717.jpg
Generating image for seed 800232440...
Saved ./generated_images/800232440.jpg
Generating image for seed 1394533038...
Saved ./generated_images/1394533038.jpg
Generating image for seed 1585918508...
Saved ./generated_images/1585918508.jpg
Generating image for seed 280402386...
Saved ./generated_images/280402386.jpg
Generating image for seed 1034339833...
Saved ./generated_images/1034339833.jpg
Generating image for seed 127883644...
Saved ./generated_images/127883644.jpg
Generating image for seed 1696808903...
Saved ./generated_images/1696808903.jpg
Generating image for seed 791643535...
Saved ./generated_images/791643535.jpg
Generating image for seed 1423841968...
Saved ./generated_images/1423841968.jpg
✅ Done generating all images!
