✅ Selected model for richard: /home/s25vargason1/richard/512_basic_training/stylegan2-ada-pytorch/results/00008-post-impressionist-auto1-ada-resumecustom/network-snapshot-010640.pkl
Using device: cuda
Output folder ./generated_images prepared.
Loading network from /home/s25vargason1/richard/512_basic_training/stylegan2-ada-pytorch/results/00008-post-impressionist-auto1-ada-resumecustom/network-snapshot-010640.pkl...
✅ Network loaded!
No seeds provided, generating 25 random images...
Generating image for seed 735746887...
Setting up PyTorch plugin "bias_act_plugin"... Done.
Setting up PyTorch plugin "upfirdn2d_plugin"... Done.
Generated image for seed 735746887
Generating image for seed 1555063537...
Generated image for seed 1555063537
Generating image for seed 159115540...
Generated image for seed 159115540
Generating image for seed 1464091632...
Generated image for seed 1464091632
Generating image for seed 1360136626...
Generated image for seed 1360136626
Generating image for seed 1854679656...
Generated image for seed 1854679656
Generating image for seed 60037842...
Generated image for seed 60037842
Generating image for seed 57530046...
Generated image for seed 57530046
Generating image for seed 11756527...
Generated image for seed 11756527
Generating image for seed 422385786...
Generated image for seed 422385786
Generating image for seed 194595895...
Generated image for seed 194595895
Generating image for seed 2092564814...
Generated image for seed 2092564814
Generating image for seed 1080542579...
Generated image for seed 1080542579
Generating image for seed 1930368530...
Generated image for seed 1930368530
Generating image for seed 1589743916...
Generated image for seed 1589743916
Generating image for seed 1341691271...
Generated image for seed 1341691271
Generating image for seed 316687897...
Generated image for seed 316687897
Generating image for seed 1202206534...
Generated image for seed 1202206534
Generating image for seed 631661974...
Generated image for seed 631661974
Generating image for seed 1467466531...
Generated image for seed 1467466531
Generating image for seed 819064707...
Generated image for seed 819064707
Generating image for seed 436102998...
Generated image for seed 436102998
Generating image for seed 1191198918...
Generated image for seed 1191198918
Generating image for seed 1272748603...
Generated image for seed 1272748603
Generating image for seed 142060631...
Generated image for seed 142060631
✅ Saved image grid at ./generated_images/image_grid.jpg
