✅ Selected model for tess: /home/s25vargason1/tess/stylegan2-ada-pytorch/results/00008-post-impressionist-auto1-ada-resumecustom/network-snapshot-000110.pkl
Using device: cuda
Output folder ./generated_images prepared.
Loading network from /home/s25vargason1/tess/stylegan2-ada-pytorch/results/00008-post-impressionist-auto1-ada-resumecustom/network-snapshot-000110.pkl...
✅ Network loaded!
No seeds provided, generating 10 random images...
Generating image for seed 2117123245...
Setting up PyTorch plugin "bias_act_plugin"... Done.
Setting up PyTorch plugin "upfirdn2d_plugin"... Done.
Saved ./generated_images/2117123245.jpg
Generating image for seed 506963827...
Saved ./generated_images/506963827.jpg
Generating image for seed 1690561540...
Saved ./generated_images/1690561540.jpg
Generating image for seed 1343289615...
Saved ./generated_images/1343289615.jpg
Generating image for seed 949335826...
Saved ./generated_images/949335826.jpg
Generating image for seed 1777050051...
Saved ./generated_images/1777050051.jpg
Generating image for seed 355771633...
Saved ./generated_images/355771633.jpg
Generating image for seed 774388431...
Saved ./generated_images/774388431.jpg
Generating image for seed 1314168707...
Saved ./generated_images/1314168707.jpg
Generating image for seed 432138530...
Saved ./generated_images/432138530.jpg
✅ Done generating all images!
