✅ Selected model for richard: /home/s25vargason1/richard/512_basic_training/stylegan2-ada-pytorch/results/00008-post-impressionist-auto1-ada-resumecustom/network-snapshot-010640.pkl
Using device: cuda
Output folder ./generated_grids prepared.
Loading network from /home/s25vargason1/richard/512_basic_training/stylegan2-ada-pytorch/results/00008-post-impressionist-auto1-ada-resumecustom/network-snapshot-010640.pkl...
✅ Network loaded!
No seeds provided, generating 25 random images...
Generating image for seed 1014252739...
Setting up PyTorch plugin "bias_act_plugin"... Done.
Setting up PyTorch plugin "upfirdn2d_plugin"... Done.
Generated image for seed 1014252739
Generating image for seed 940993653...
Generated image for seed 940993653
Generating image for seed 900878910...
Generated image for seed 900878910
Generating image for seed 1060771388...
Generated image for seed 1060771388
Generating image for seed 227116837...
Generated image for seed 227116837
Generating image for seed 129965646...
Generated image for seed 129965646
Generating image for seed 1258008346...
Generated image for seed 1258008346
Generating image for seed 937781459...
Generated image for seed 937781459
Generating image for seed 1877230472...
Generated image for seed 1877230472
Generating image for seed 1009606274...
Generated image for seed 1009606274
Generating image for seed 1950108144...
Generated image for seed 1950108144
Generating image for seed 2127053799...
Generated image for seed 2127053799
Generating image for seed 1420924108...
Generated image for seed 1420924108
Generating image for seed 723454095...
Generated image for seed 723454095
Generating image for seed 861794366...
Generated image for seed 861794366
Generating image for seed 1484070491...
Generated image for seed 1484070491
Generating image for seed 1922549658...
Generated image for seed 1922549658
Generating image for seed 350028781...
Generated image for seed 350028781
Generating image for seed 694504000...
Generated image for seed 694504000
Generating image for seed 567901259...
Generated image for seed 567901259
Generating image for seed 329608504...
Generated image for seed 329608504
Generating image for seed 1330014242...
Generated image for seed 1330014242
Generating image for seed 641200887...
Generated image for seed 641200887
Generating image for seed 2085421300...
Generated image for seed 2085421300
Generating image for seed 87308395...
Generated image for seed 87308395
✅ Saved image grid at ./generated_grids/image_grid.jpg
