✅ Selected model for tess: /home/s25vargason1/tess/stylegan2-ada-pytorch/results/00008-post-impressionist-auto1-ada-resumecustom/network-snapshot-000280.pkl
Using device: cuda
Output folder ./generated_images prepared.
Loading network from /home/s25vargason1/tess/stylegan2-ada-pytorch/results/00008-post-impressionist-auto1-ada-resumecustom/network-snapshot-000280.pkl...
✅ Network loaded!
No seeds provided, generating 10 random images...
Generating image for seed 76869532...
Setting up PyTorch plugin "bias_act_plugin"... Done.
Setting up PyTorch plugin "upfirdn2d_plugin"... Done.
Saved ./generated_images/76869532.jpg
Generating image for seed 648096882...
Saved ./generated_images/648096882.jpg
Generating image for seed 928255509...
Saved ./generated_images/928255509.jpg
Generating image for seed 1409006427...
Saved ./generated_images/1409006427.jpg
Generating image for seed 1668535845...
Saved ./generated_images/1668535845.jpg
Generating image for seed 1554957428...
Saved ./generated_images/1554957428.jpg
Generating image for seed 1130411764...
Saved ./generated_images/1130411764.jpg
Generating image for seed 470776740...
Saved ./generated_images/470776740.jpg
Generating image for seed 793671179...
Saved ./generated_images/793671179.jpg
Generating image for seed 1161947826...
Saved ./generated_images/1161947826.jpg
✅ Done generating all images!
