✅ Selected model for tess: /home/s25vargason1/tess/stylegan2-ada-pytorch/results/00008-post-impressionist-auto1-ada-resumecustom/network-snapshot-000280.pkl
Using device: cuda
Output folder ./generated_images prepared.
Loading network from /home/s25vargason1/tess/stylegan2-ada-pytorch/results/00008-post-impressionist-auto1-ada-resumecustom/network-snapshot-000280.pkl...
✅ Network loaded!
No seeds provided, generating 10 random images...
Generating image for seed 1115306488...
Setting up PyTorch plugin "bias_act_plugin"... Done.
Setting up PyTorch plugin "upfirdn2d_plugin"... Done.
Saved ./generated_images/1115306488.jpg
Generating image for seed 661141460...
Saved ./generated_images/661141460.jpg
Generating image for seed 729270222...
Saved ./generated_images/729270222.jpg
Generating image for seed 686125661...
Saved ./generated_images/686125661.jpg
Generating image for seed 282536461...
Saved ./generated_images/282536461.jpg
Generating image for seed 672420460...
Saved ./generated_images/672420460.jpg
Generating image for seed 1019635311...
Saved ./generated_images/1019635311.jpg
Generating image for seed 1591099709...
Saved ./generated_images/1591099709.jpg
Generating image for seed 1707499777...
Saved ./generated_images/1707499777.jpg
Generating image for seed 1728969542...
Saved ./generated_images/1728969542.jpg
✅ Done generating all images!
