✅ Selected model for richard: /home/s25vargason1/richard/512_basic_training/stylegan2-ada-pytorch/results/00008-post-impressionist-auto1-ada-resumecustom/network-snapshot-010210.pkl
Using device: cuda
Output folder ./generated_grids prepared.
Loading network from /home/s25vargason1/richard/512_basic_training/stylegan2-ada-pytorch/results/00008-post-impressionist-auto1-ada-resumecustom/network-snapshot-010210.pkl...
✅ Network loaded!
No seeds provided, generating 25 random images...
Generating image for seed 1151506440...
Setting up PyTorch plugin "bias_act_plugin"... Done.
Setting up PyTorch plugin "upfirdn2d_plugin"... Done.
Generated image for seed 1151506440
Generating image for seed 574195756...
Generated image for seed 574195756
Generating image for seed 1365686814...
Generated image for seed 1365686814
Generating image for seed 477909945...
Generated image for seed 477909945
Generating image for seed 392688306...
Generated image for seed 392688306
Generating image for seed 244364885...
Generated image for seed 244364885
Generating image for seed 1050373656...
Generated image for seed 1050373656
Generating image for seed 174587585...
Generated image for seed 174587585
Generating image for seed 864923659...
Generated image for seed 864923659
Generating image for seed 541917485...
Generated image for seed 541917485
Generating image for seed 835464747...
Generated image for seed 835464747
Generating image for seed 1677155976...
Generated image for seed 1677155976
Generating image for seed 1116411925...
Generated image for seed 1116411925
Generating image for seed 93200794...
Generated image for seed 93200794
Generating image for seed 189099158...
Generated image for seed 189099158
Generating image for seed 483245073...
Generated image for seed 483245073
Generating image for seed 1481509172...
Generated image for seed 1481509172
Generating image for seed 825297209...
Generated image for seed 825297209
Generating image for seed 1027684377...
Generated image for seed 1027684377
Generating image for seed 1300447312...
Generated image for seed 1300447312
Generating image for seed 802913164...
Generated image for seed 802913164
Generating image for seed 1916273185...
Generated image for seed 1916273185
Generating image for seed 619704276...
Generated image for seed 619704276
Generating image for seed 1170593545...
Generated image for seed 1170593545
Generating image for seed 651662731...
Generated image for seed 651662731
✅ Saved image grid at ./generated_grids/image_grid.jpg
