✅ Selected model for richard: /home/s25vargason1/richard/512_basic_training/stylegan2-ada-pytorch/results/00008-post-impressionist-auto1-ada-resumecustom/network-snapshot-010640.pkl
Using device: cuda
Output folder ./generated_grids prepared.
Loading network from /home/s25vargason1/richard/512_basic_training/stylegan2-ada-pytorch/results/00008-post-impressionist-auto1-ada-resumecustom/network-snapshot-010640.pkl...
✅ Network loaded!
No seeds provided, generating 25 random images...
Generating image for seed 1165562548...
Setting up PyTorch plugin "bias_act_plugin"... Done.
Setting up PyTorch plugin "upfirdn2d_plugin"... Done.
Generated image for seed 1165562548
Generating image for seed 1300049520...
Generated image for seed 1300049520
Generating image for seed 2040244712...
Generated image for seed 2040244712
Generating image for seed 267644275...
Generated image for seed 267644275
Generating image for seed 1753128912...
Generated image for seed 1753128912
Generating image for seed 1979702748...
Generated image for seed 1979702748
Generating image for seed 1422994996...
Generated image for seed 1422994996
Generating image for seed 1143405106...
Generated image for seed 1143405106
Generating image for seed 821752374...
Generated image for seed 821752374
Generating image for seed 1249920801...
Generated image for seed 1249920801
Generating image for seed 1274211484...
Generated image for seed 1274211484
Generating image for seed 1287820660...
Generated image for seed 1287820660
Generating image for seed 2092507867...
Generated image for seed 2092507867
Generating image for seed 1973018330...
Generated image for seed 1973018330
Generating image for seed 2063943763...
Generated image for seed 2063943763
Generating image for seed 1371347952...
Generated image for seed 1371347952
Generating image for seed 763340395...
Generated image for seed 763340395
Generating image for seed 1332489951...
Generated image for seed 1332489951
Generating image for seed 1957269606...
Generated image for seed 1957269606
Generating image for seed 1828216955...
Generated image for seed 1828216955
Generating image for seed 1395684977...
Generated image for seed 1395684977
Generating image for seed 42863997...
Generated image for seed 42863997
Generating image for seed 514435458...
Generated image for seed 514435458
Generating image for seed 267775790...
Generated image for seed 267775790
Generating image for seed 1605305616...
Generated image for seed 1605305616
✅ Saved image grid at ./generated_grids/image_grid.jpg
