✅ Selected model for tess: /home/s25vargason1/tess/stylegan2-ada-pytorch/results/00006-post-impressionist-auto1-ada-resumecustom/network-snapshot-000800.pkl
Using device: cuda
Output folder ./generated_images prepared.
Loading network from /home/s25vargason1/tess/stylegan2-ada-pytorch/results/00006-post-impressionist-auto1-ada-resumecustom/network-snapshot-000800.pkl...
✅ Network loaded!
No seeds provided, generating 10 random images...
Generating image for seed 1502315633...
Setting up PyTorch plugin "bias_act_plugin"... Done.
Setting up PyTorch plugin "upfirdn2d_plugin"... Done.
Saved ./generated_images/1502315633.jpg
Generating image for seed 1394562856...
Saved ./generated_images/1394562856.jpg
Generating image for seed 586647697...
Saved ./generated_images/586647697.jpg
Generating image for seed 2112134524...
Saved ./generated_images/2112134524.jpg
Generating image for seed 817306110...
Saved ./generated_images/817306110.jpg
Generating image for seed 1013787420...
Saved ./generated_images/1013787420.jpg
Generating image for seed 314380169...
Saved ./generated_images/314380169.jpg
Generating image for seed 979973194...
Saved ./generated_images/979973194.jpg
Generating image for seed 502669040...
Saved ./generated_images/502669040.jpg
Generating image for seed 829215597...
Saved ./generated_images/829215597.jpg
✅ Done generating all images!
