
Training options:
{
  "num_gpus": 1,
  "image_snapshot_ticks": 1,
  "network_snapshot_ticks": 1,
  "metrics": [],
  "random_seed": 0,
  "kimg_per_tick": 10,
  "training_set_kwargs": {
    "class_name": "training.dataset.ImageFolderDataset",
    "path": "./datasets/post-impressionist",
    "use_labels": false,
    "max_size": 4523,
    "xflip": false,
    "resolution": 512
  },
  "data_loader_kwargs": {
    "pin_memory": true,
    "num_workers": 1,
    "prefetch_factor": 2
  },
  "G_kwargs": {
    "class_name": "training.networks.Generator",
    "z_dim": 512,
    "w_dim": 512,
    "mapping_kwargs": {
      "num_layers": 2
    },
    "synthesis_kwargs": {
      "channel_base": 32768,
      "channel_max": 512,
      "num_fp16_res": 4,
      "conv_clamp": 256
    }
  },
  "D_kwargs": {
    "class_name": "training.networks.Discriminator",
    "block_kwargs": {},
    "mapping_kwargs": {},
    "epilogue_kwargs": {
      "mbstd_group_size": 4
    },
    "channel_base": 32768,
    "channel_max": 512,
    "num_fp16_res": 4,
    "conv_clamp": 256
  },
  "G_opt_kwargs": {
    "class_name": "torch.optim.Adam",
    "lr": 0.0025,
    "betas": [
      0,
      0.99
    ],
    "eps": 1e-08
  },
  "D_opt_kwargs": {
    "class_name": "torch.optim.Adam",
    "lr": 0.0025,
    "betas": [
      0,
      0.99
    ],
    "eps": 1e-08
  },
  "loss_kwargs": {
    "class_name": "training.loss.StyleGAN2Loss",
    "r1_gamma": 6.5536
  },
  "total_kimg": 25000,
  "batch_size": 8,
  "batch_gpu": 8,
  "ema_kimg": 2.5,
  "ema_rampup": null,
  "ada_target": 0.6,
  "augment_kwargs": {
    "class_name": "training.augment.AugmentPipe",
    "xflip": 1,
    "rotate90": 1,
    "xint": 1,
    "scale": 1,
    "rotate": 1,
    "aniso": 1,
    "xfrac": 1,
    "brightness": 1,
    "contrast": 1,
    "lumaflip": 1,
    "hue": 1,
    "saturation": 1
  },
  "resume_pkl": "../transfer_weights/ffhq-res512-mirror-stylegan2-noaug.pkl",
  "ada_kimg": 100,
  "run_dir": "./results/00008-post-impressionist-auto1-ada-resumecustom"
}

Output directory:   ./results/00008-post-impressionist-auto1-ada-resumecustom
Training data:      ./datasets/post-impressionist
Training duration:  25000 kimg
Number of GPUs:     1
Number of images:   4523
Image resolution:   512
Conditional model:  False
Dataset x-flips:    False

Creating output directory...
Launching processes...
Loading training set...

Num images:  4523
Image shape: [3, 512, 512]
Label shape: [0]

Constructing networks...
Resuming from "../transfer_weights/ffhq-res512-mirror-stylegan2-noaug.pkl"
Setting up PyTorch plugin "bias_act_plugin"... Done.
Setting up PyTorch plugin "upfirdn2d_plugin"... Done.

Generator             Parameters  Buffers  Output shape        Datatype
---                   ---         ---      ---                 ---     
mapping.fc0           262656      -        [8, 512]            float32 
mapping.fc1           262656      -        [8, 512]            float32 
mapping               -           512      [8, 16, 512]        float32 
synthesis.b4.conv1    2622465     32       [8, 512, 4, 4]      float32 
synthesis.b4.torgb    264195      -        [8, 3, 4, 4]        float32 
synthesis.b4:0        8192        16       [8, 512, 4, 4]      float32 
synthesis.b4:1        -           -        [8, 512, 4, 4]      float32 
synthesis.b8.conv0    2622465     80       [8, 512, 8, 8]      float32 
synthesis.b8.conv1    2622465     80       [8, 512, 8, 8]      float32 
synthesis.b8.torgb    264195      -        [8, 3, 8, 8]        float32 
synthesis.b8:0        -           16       [8, 512, 8, 8]      float32 
synthesis.b8:1        -           -        [8, 512, 8, 8]      float32 
synthesis.b16.conv0   2622465     272      [8, 512, 16, 16]    float32 
synthesis.b16.conv1   2622465     272      [8, 512, 16, 16]    float32 
synthesis.b16.torgb   264195      -        [8, 3, 16, 16]      float32 
synthesis.b16:0       -           16       [8, 512, 16, 16]    float32 
synthesis.b16:1       -           -        [8, 512, 16, 16]    float32 
synthesis.b32.conv0   2622465     1040     [8, 512, 32, 32]    float32 
synthesis.b32.conv1   2622465     1040     [8, 512, 32, 32]    float32 
synthesis.b32.torgb   264195      -        [8, 3, 32, 32]      float32 
synthesis.b32:0       -           16       [8, 512, 32, 32]    float32 
synthesis.b32:1       -           -        [8, 512, 32, 32]    float32 
synthesis.b64.conv0   2622465     4112     [8, 512, 64, 64]    float16 
synthesis.b64.conv1   2622465     4112     [8, 512, 64, 64]    float16 
synthesis.b64.torgb   264195      -        [8, 3, 64, 64]      float16 
synthesis.b64:0       -           16       [8, 512, 64, 64]    float16 
synthesis.b64:1       -           -        [8, 512, 64, 64]    float32 
synthesis.b128.conv0  1442561     16400    [8, 256, 128, 128]  float16 
synthesis.b128.conv1  721409      16400    [8, 256, 128, 128]  float16 
synthesis.b128.torgb  132099      -        [8, 3, 128, 128]    float16 
synthesis.b128:0      -           16       [8, 256, 128, 128]  float16 
synthesis.b128:1      -           -        [8, 256, 128, 128]  float32 
synthesis.b256.conv0  426369      65552    [8, 128, 256, 256]  float16 
synthesis.b256.conv1  213249      65552    [8, 128, 256, 256]  float16 
synthesis.b256.torgb  66051       -        [8, 3, 256, 256]    float16 
synthesis.b256:0      -           16       [8, 128, 256, 256]  float16 
synthesis.b256:1      -           -        [8, 128, 256, 256]  float32 
synthesis.b512.conv0  139457      262160   [8, 64, 512, 512]   float16 
synthesis.b512.conv1  69761       262160   [8, 64, 512, 512]   float16 
synthesis.b512.torgb  33027       -        [8, 3, 512, 512]    float16 
synthesis.b512:0      -           16       [8, 64, 512, 512]   float16 
synthesis.b512:1      -           -        [8, 64, 512, 512]   float32 
---                   ---         ---      ---                 ---     
Total                 28700647    699904   -                   -       


Discriminator  Parameters  Buffers  Output shape        Datatype
---            ---         ---      ---                 ---     
b512.fromrgb   256         16       [8, 64, 512, 512]   float16 
b512.skip      8192        16       [8, 128, 256, 256]  float16 
b512.conv0     36928       16       [8, 64, 512, 512]   float16 
b512.conv1     73856       16       [8, 128, 256, 256]  float16 
b512           -           16       [8, 128, 256, 256]  float16 
b256.skip      32768       16       [8, 256, 128, 128]  float16 
b256.conv0     147584      16       [8, 128, 256, 256]  float16 
b256.conv1     295168      16       [8, 256, 128, 128]  float16 
b256           -           16       [8, 256, 128, 128]  float16 
b128.skip      131072      16       [8, 512, 64, 64]    float16 
b128.conv0     590080      16       [8, 256, 128, 128]  float16 
b128.conv1     1180160     16       [8, 512, 64, 64]    float16 
b128           -           16       [8, 512, 64, 64]    float16 
b64.skip       262144      16       [8, 512, 32, 32]    float16 
b64.conv0      2359808     16       [8, 512, 64, 64]    float16 
b64.conv1      2359808     16       [8, 512, 32, 32]    float16 
b64            -           16       [8, 512, 32, 32]    float16 
b32.skip       262144      16       [8, 512, 16, 16]    float32 
b32.conv0      2359808     16       [8, 512, 32, 32]    float32 
b32.conv1      2359808     16       [8, 512, 16, 16]    float32 
b32            -           16       [8, 512, 16, 16]    float32 
b16.skip       262144      16       [8, 512, 8, 8]      float32 
b16.conv0      2359808     16       [8, 512, 16, 16]    float32 
b16.conv1      2359808     16       [8, 512, 8, 8]      float32 
b16            -           16       [8, 512, 8, 8]      float32 
b8.skip        262144      16       [8, 512, 4, 4]      float32 
b8.conv0       2359808     16       [8, 512, 8, 8]      float32 
b8.conv1       2359808     16       [8, 512, 4, 4]      float32 
b8             -           16       [8, 512, 4, 4]      float32 
b4.mbstd       -           -        [8, 513, 4, 4]      float32 
b4.conv        2364416     16       [8, 512, 4, 4]      float32 
b4.fc          4194816     -        [8, 512]            float32 
b4.out         513         -        [8, 1]              float32 
---            ---         ---      ---                 ---     
Total          28982849    480      -                   -       

Setting up augmentation...
Distributing across 1 GPUs...
Setting up training phases...
Exporting sample images...
Initializing logs...
Skipping tfevents export: No module named 'tensorboard'
Training for 25000 kimg...

tick 0     kimg 0.0      time 42s          sec/tick 7.2     sec/kimg 898.37  maintenance 35.1   cpumem 5.88   gpumem 14.76  augment 0.000
