
🧹 Checking CUDA memory before cleanup:
  Allocated: 0.00 GiB | Reserved: 0.00 GiB

  🔍 NVIDIA-SMI output:
Sun Apr 27 18:21:44 2025       
+-----------------------------------------------------------------------------+
| NVIDIA-SMI 510.47.03    Driver Version: 510.47.03    CUDA Version: 11.6     |
|-------------------------------+----------------------+----------------------+
| GPU  Name        Persistence-M| Bus-Id        Disp.A | Volatile Uncorr. ECC |
| Fan  Temp  Perf  Pwr:Usage/Cap|         Memory-Usage | GPU-Util  Compute M. |
|                               |                      |               MIG M. |
|===============================+======================+======================|
|   0  NVIDIA A30          On   | 00000000:1B:00.0 Off |                    0 |
| N/A   55C    P0   176W / 165W |  11071MiB / 24576MiB |    100%      Default |
|                               |                      |             Disabled |
+-------------------------------+----------------------+----------------------+
|   1  NVIDIA A30          On   | 00000000:1C:00.0 Off |                    0 |
| N/A   33C    P0    30W / 165W |      2MiB / 24576MiB |      0%      Default |
|                               |                      |             Disabled |
+-------------------------------+----------------------+----------------------+
|   2  NVIDIA A30          On   | 00000000:4F:00.0 Off |                    0 |
| N/A   33C    P0    30W / 165W |      2MiB / 24576MiB |      0%      Default |
|                               |                      |             Disabled |
+-------------------------------+----------------------+----------------------+
|   3  NVIDIA A30          On   | 00000000:50:00.0 Off |                    0 |
| N/A   33C    P0    27W / 165W |      2MiB / 24576MiB |      0%      Default |
|                               |                      |             Disabled |
+-------------------------------+----------------------+----------------------+
|   4  NVIDIA A30          On   | 00000000:9C:00.0 Off |                    0 |
| N/A   27C    P0    27W / 165W |      2MiB / 24576MiB |      0%      Default |
|                               |                      |             Disabled |
+-------------------------------+----------------------+----------------------+
|   5  NVIDIA A30          On   | 00000000:9D:00.0 Off |                    0 |
| N/A   28C    P0    32W / 165W |      2MiB / 24576MiB |      0%      Default |
|                               |                      |             Disabled |
+-------------------------------+----------------------+----------------------+
|   6  NVIDIA A30          On   | 00000000:CE:00.0 Off |                    0 |
| N/A   27C    P0    26W / 165W |      2MiB / 24576MiB |      0%      Default |
|                               |                      |             Disabled |
+-------------------------------+----------------------+----------------------+
|   7  NVIDIA A30          On   | 00000000:CF:00.0 Off |                    0 |
| N/A   27C    P0    29W / 165W |      2MiB / 24576MiB |      0%      Default |
|                               |                      |             Disabled |
+-------------------------------+----------------------+----------------------+
                                                                               
+-----------------------------------------------------------------------------+
| Processes:                                                                  |
|  GPU   GI   CI        PID   Type   Process name                  GPU Memory |
|        ID   ID                                                   Usage      |
|=============================================================================|
|    0   N/A  N/A     77777      C   python3                         11069MiB |
+-----------------------------------------------------------------------------+


♻️ Cleaning up...

🧹 Checking CUDA memory after cleanup:
  Allocated: 0.00 GiB | Reserved: 0.00 GiB

  🔍 NVIDIA-SMI output:
Sun Apr 27 18:21:46 2025       
+-----------------------------------------------------------------------------+
| NVIDIA-SMI 510.47.03    Driver Version: 510.47.03    CUDA Version: 11.6     |
|-------------------------------+----------------------+----------------------+
| GPU  Name        Persistence-M| Bus-Id        Disp.A | Volatile Uncorr. ECC |
| Fan  Temp  Perf  Pwr:Usage/Cap|         Memory-Usage | GPU-Util  Compute M. |
|                               |                      |               MIG M. |
|===============================+======================+======================|
|   0  NVIDIA A30          On   | 00000000:1B:00.0 Off |                    0 |
| N/A   55C    P0   160W / 165W |  11071MiB / 24576MiB |    100%      Default |
|                               |                      |             Disabled |
+-------------------------------+----------------------+----------------------+
|   1  NVIDIA A30          On   | 00000000:1C:00.0 Off |                    0 |
| N/A   33C    P0    33W / 165W |      2MiB / 24576MiB |      0%      Default |
|                               |                      |             Disabled |
+-------------------------------+----------------------+----------------------+
|   2  NVIDIA A30          On   | 00000000:4F:00.0 Off |                    0 |
| N/A   33C    P0    31W / 165W |      2MiB / 24576MiB |      0%      Default |
|                               |                      |             Disabled |
+-------------------------------+----------------------+----------------------+
|   3  NVIDIA A30          On   | 00000000:50:00.0 Off |                    0 |
| N/A   33C    P0    29W / 165W |      2MiB / 24576MiB |      0%      Default |
|                               |                      |             Disabled |
+-------------------------------+----------------------+----------------------+
|   4  NVIDIA A30          On   | 00000000:9C:00.0 Off |                    0 |
| N/A   27C    P0    30W / 165W |      2MiB / 24576MiB |      0%      Default |
|                               |                      |             Disabled |
+-------------------------------+----------------------+----------------------+
|   5  NVIDIA A30          On   | 00000000:9D:00.0 Off |                    0 |
| N/A   28C    P0    35W / 165W |      2MiB / 24576MiB |      0%      Default |
|                               |                      |             Disabled |
+-------------------------------+----------------------+----------------------+
|   6  NVIDIA A30          On   | 00000000:CE:00.0 Off |                    0 |
| N/A   27C    P0    28W / 165W |      2MiB / 24576MiB |      0%      Default |
|                               |                      |             Disabled |
+-------------------------------+----------------------+----------------------+
|   7  NVIDIA A30          On   | 00000000:CF:00.0 Off |                    0 |
| N/A   27C    P0    34W / 165W |      2MiB / 24576MiB |      0%      Default |
|                               |                      |             Disabled |
+-------------------------------+----------------------+----------------------+
                                                                               
+-----------------------------------------------------------------------------+
| Processes:                                                                  |
|  GPU   GI   CI        PID   Type   Process name                  GPU Memory |
|        ID   ID                                                   Usage      |
|=============================================================================|
|    0   N/A  N/A     77777      C   python3                         11069MiB |
+-----------------------------------------------------------------------------+

