
Training options:
{
  "num_gpus": 1,
  "image_snapshot_ticks": 1,
  "network_snapshot_ticks": 1,
  "metrics": [],
  "random_seed": 0,
  "training_set_kwargs": {
    "class_name": "training.dataset.ImageFolderDataset",
    "path": "./datasets/post-impressionist",
    "use_labels": false,
    "max_size": 2931,
    "xflip": false,
    "resolution": 512
  },
  "data_loader_kwargs": {
    "pin_memory": true,
    "num_workers": 1,
    "prefetch_factor": 2
  },
  "G_kwargs": {
    "class_name": "training.networks.Generator",
    "z_dim": 512,
    "w_dim": 512,
    "mapping_kwargs": {
      "num_layers": 2
    },
    "synthesis_kwargs": {
      "channel_base": 32768,
      "channel_max": 512,
      "num_fp16_res": 4,
      "conv_clamp": 256
    }
  },
  "D_kwargs": {
    "class_name": "training.networks.Discriminator",
    "block_kwargs": {},
    "mapping_kwargs": {},
    "epilogue_kwargs": {
      "mbstd_group_size": 4
    },
    "channel_base": 32768,
    "channel_max": 512,
    "num_fp16_res": 4,
    "conv_clamp": 256
  },
  "G_opt_kwargs": {
    "class_name": "torch.optim.Adam",
    "lr": 0.0025,
    "betas": [
      0,
      0.99
    ],
    "eps": 1e-08
  },
  "D_opt_kwargs": {
    "class_name": "torch.optim.Adam",
    "lr": 0.0025,
    "betas": [
      0,
      0.99
    ],
    "eps": 1e-08
  },
  "loss_kwargs": {
    "class_name": "training.loss.StyleGAN2Loss",
    "r1_gamma": 30.0
  },
  "total_kimg": 25000,
  "batch_size": 8,
  "batch_gpu": 8,
  "ema_kimg": 2.5,
  "ema_rampup": null,
  "ada_target": 0.6,
  "augment_kwargs": {
    "class_name": "training.augment.AugmentPipe",
    "xflip": 1,
    "rotate90": 1,
    "xint": 1,
    "scale": 1,
    "rotate": 1,
    "aniso": 1,
    "xfrac": 1,
    "brightness": 1,
    "contrast": 1,
    "lumaflip": 1,
    "hue": 1,
    "saturation": 1
  },
  "resume_pkl": "./results/00008-post-impressionist-auto1-gamma30-kimg1000-batch8-ada-resumecustom/network-snapshot-001000.pkl",
  "ada_kimg": 100,
  "run_dir": "./results/00009-post-impressionist-auto1-gamma30-kimg25000-batch8-ada-resumecustom"
}

Output directory:   ./results/00009-post-impressionist-auto1-gamma30-kimg25000-batch8-ada-resumecustom
Training data:      ./datasets/post-impressionist
Training duration:  25000 kimg
Number of GPUs:     1
Number of images:   2931
Image resolution:   512
Conditional model:  False
Dataset x-flips:    False

Creating output directory...
Launching processes...
Loading training set...

Num images:  2931
Image shape: [3, 512, 512]
Label shape: [0]

Constructing networks...
Resuming from "./results/00008-post-impressionist-auto1-gamma30-kimg1000-batch8-ada-resumecustom/network-snapshot-001000.pkl"
Setting up PyTorch plugin "bias_act_plugin"... Done.
Setting up PyTorch plugin "upfirdn2d_plugin"... Done.

Generator             Parameters  Buffers  Output shape        Datatype
---                   ---         ---      ---                 ---     
mapping.fc0           262656      -        [8, 512]            float32 
mapping.fc1           262656      -        [8, 512]            float32 
mapping               -           512      [8, 16, 512]        float32 
synthesis.b4.conv1    2622465     32       [8, 512, 4, 4]      float32 
synthesis.b4.torgb    264195      -        [8, 3, 4, 4]        float32 
synthesis.b4:0        8192        16       [8, 512, 4, 4]      float32 
synthesis.b4:1        -           -        [8, 512, 4, 4]      float32 
synthesis.b8.conv0    2622465     80       [8, 512, 8, 8]      float32 
synthesis.b8.conv1    2622465     80       [8, 512, 8, 8]      float32 
synthesis.b8.torgb    264195      -        [8, 3, 8, 8]        float32 
synthesis.b8:0        -           16       [8, 512, 8, 8]      float32 
synthesis.b8:1        -           -        [8, 512, 8, 8]      float32 
synthesis.b16.conv0   2622465     272      [8, 512, 16, 16]    float32 
synthesis.b16.conv1   2622465     272      [8, 512, 16, 16]    float32 
synthesis.b16.torgb   264195      -        [8, 3, 16, 16]      float32 
synthesis.b16:0       -           16       [8, 512, 16, 16]    float32 
synthesis.b16:1       -           -        [8, 512, 16, 16]    float32 
synthesis.b32.conv0   2622465     1040     [8, 512, 32, 32]    float32 
synthesis.b32.conv1   2622465     1040     [8, 512, 32, 32]    float32 
synthesis.b32.torgb   264195      -        [8, 3, 32, 32]      float32 
synthesis.b32:0       -           16       [8, 512, 32, 32]    float32 
synthesis.b32:1       -           -        [8, 512, 32, 32]    float32 
synthesis.b64.conv0   2622465     4112     [8, 512, 64, 64]    float16 
synthesis.b64.conv1   2622465     4112     [8, 512, 64, 64]    float16 
synthesis.b64.torgb   264195      -        [8, 3, 64, 64]      float16 
synthesis.b64:0       -           16       [8, 512, 64, 64]    float16 
synthesis.b64:1       -           -        [8, 512, 64, 64]    float32 
synthesis.b128.conv0  1442561     16400    [8, 256, 128, 128]  float16 
synthesis.b128.conv1  721409      16400    [8, 256, 128, 128]  float16 
synthesis.b128.torgb  132099      -        [8, 3, 128, 128]    float16 
synthesis.b128:0      -           16       [8, 256, 128, 128]  float16 
synthesis.b128:1      -           -        [8, 256, 128, 128]  float32 
synthesis.b256.conv0  426369      65552    [8, 128, 256, 256]  float16 
synthesis.b256.conv1  213249      65552    [8, 128, 256, 256]  float16 
synthesis.b256.torgb  66051       -        [8, 3, 256, 256]    float16 
synthesis.b256:0      -           16       [8, 128, 256, 256]  float16 
synthesis.b256:1      -           -        [8, 128, 256, 256]  float32 
synthesis.b512.conv0  139457      262160   [8, 64, 512, 512]   float16 
synthesis.b512.conv1  69761       262160   [8, 64, 512, 512]   float16 
synthesis.b512.torgb  33027       -        [8, 3, 512, 512]    float16 
synthesis.b512:0      -           16       [8, 64, 512, 512]   float16 
synthesis.b512:1      -           -        [8, 64, 512, 512]   float32 
---                   ---         ---      ---                 ---     
Total                 28700647    699904   -                   -       


Discriminator  Parameters  Buffers  Output shape        Datatype
---            ---         ---      ---                 ---     
b512.fromrgb   256         16       [8, 64, 512, 512]   float16 
b512.skip      8192        16       [8, 128, 256, 256]  float16 
b512.conv0     36928       16       [8, 64, 512, 512]   float16 
b512.conv1     73856       16       [8, 128, 256, 256]  float16 
b512           -           16       [8, 128, 256, 256]  float16 
b256.skip      32768       16       [8, 256, 128, 128]  float16 
b256.conv0     147584      16       [8, 128, 256, 256]  float16 
b256.conv1     295168      16       [8, 256, 128, 128]  float16 
b256           -           16       [8, 256, 128, 128]  float16 
b128.skip      131072      16       [8, 512, 64, 64]    float16 
b128.conv0     590080      16       [8, 256, 128, 128]  float16 
b128.conv1     1180160     16       [8, 512, 64, 64]    float16 
b128           -           16       [8, 512, 64, 64]    float16 
b64.skip       262144      16       [8, 512, 32, 32]    float16 
b64.conv0      2359808     16       [8, 512, 64, 64]    float16 
b64.conv1      2359808     16       [8, 512, 32, 32]    float16 
b64            -           16       [8, 512, 32, 32]    float16 
b32.skip       262144      16       [8, 512, 16, 16]    float32 
b32.conv0      2359808     16       [8, 512, 32, 32]    float32 
b32.conv1      2359808     16       [8, 512, 16, 16]    float32 
b32            -           16       [8, 512, 16, 16]    float32 
b16.skip       262144      16       [8, 512, 8, 8]      float32 
b16.conv0      2359808     16       [8, 512, 16, 16]    float32 
b16.conv1      2359808     16       [8, 512, 8, 8]      float32 
b16            -           16       [8, 512, 8, 8]      float32 
b8.skip        262144      16       [8, 512, 4, 4]      float32 
b8.conv0       2359808     16       [8, 512, 8, 8]      float32 
b8.conv1       2359808     16       [8, 512, 4, 4]      float32 
b8             -           16       [8, 512, 4, 4]      float32 
b4.mbstd       -           -        [8, 513, 4, 4]      float32 
b4.conv        2364416     16       [8, 512, 4, 4]      float32 
b4.fc          4194816     -        [8, 512]            float32 
b4.out         513         -        [8, 1]              float32 
---            ---         ---      ---                 ---     
Total          28982849    480      -                   -       

Setting up augmentation...
Distributing across 1 GPUs...
Setting up training phases...
Exporting sample images...
Initializing logs...
Skipping tfevents export: No module named 'tensorboard'
Training for 25000 kimg...

tick 0     kimg 0.0      time 1m 53s       sec/tick 8.7     sec/kimg 1090.85 maintenance 104.4  cpumem 5.84   gpumem 14.76  augment 0.000
tick 1     kimg 4.0      time 8m 51s       sec/tick 404.8   sec/kimg 101.19  maintenance 13.0   cpumem 6.02   gpumem 7.22   augment 0.037
tick 2     kimg 8.0      time 15m 44s      sec/tick 400.0   sec/kimg 100.00  maintenance 13.3   cpumem 6.02   gpumem 7.25   augment 0.072
tick 3     kimg 12.0     time 22m 36s      sec/tick 400.7   sec/kimg 100.17  maintenance 11.1   cpumem 6.02   gpumem 7.35   augment 0.106
tick 4     kimg 16.0     time 29m 29s      sec/tick 402.0   sec/kimg 100.49  maintenance 11.0   cpumem 6.02   gpumem 7.33   augment 0.134
tick 5     kimg 20.0     time 36m 23s      sec/tick 400.5   sec/kimg 100.12  maintenance 13.9   cpumem 6.02   gpumem 7.31   augment 0.154
tick 6     kimg 24.0     time 43m 17s      sec/tick 401.8   sec/kimg 100.44  maintenance 11.6   cpumem 6.02   gpumem 7.41   augment 0.175
tick 7     kimg 28.0     time 50m 18s      sec/tick 401.9   sec/kimg 100.47  maintenance 19.2   cpumem 6.02   gpumem 7.37   augment 0.190
tick 8     kimg 32.0     time 57m 15s      sec/tick 401.8   sec/kimg 100.46  maintenance 15.1   cpumem 6.02   gpumem 7.34   augment 0.200
tick 9     kimg 36.0     time 1h 04m 11s   sec/tick 402.1   sec/kimg 100.52  maintenance 13.8   cpumem 6.02   gpumem 7.37   augment 0.205
tick 10    kimg 40.0     time 1h 11m 07s   sec/tick 402.0   sec/kimg 100.50  maintenance 14.8   cpumem 6.02   gpumem 7.36   augment 0.214
tick 11    kimg 44.0     time 1h 18m 03s   sec/tick 401.8   sec/kimg 100.45  maintenance 14.2   cpumem 6.02   gpumem 7.36   augment 0.219
tick 12    kimg 48.0     time 1h 25m 01s   sec/tick 402.2   sec/kimg 100.56  maintenance 14.9   cpumem 6.03   gpumem 7.35   augment 0.220
tick 13    kimg 52.0     time 1h 32m 01s   sec/tick 401.8   sec/kimg 100.44  maintenance 18.1   cpumem 6.02   gpumem 7.38   augment 0.223
tick 14    kimg 56.0     time 1h 38m 57s   sec/tick 401.8   sec/kimg 100.45  maintenance 14.9   cpumem 6.02   gpumem 7.38   augment 0.228
tick 15    kimg 60.0     time 1h 45m 52s   sec/tick 402.0   sec/kimg 100.50  maintenance 12.3   cpumem 6.02   gpumem 7.39   augment 0.231
tick 16    kimg 64.0     time 1h 52m 50s   sec/tick 402.2   sec/kimg 100.55  maintenance 16.1   cpumem 6.02   gpumem 7.37   augment 0.233
tick 17    kimg 68.0     time 1h 59m 52s   sec/tick 401.6   sec/kimg 100.41  maintenance 20.2   cpumem 6.02   gpumem 7.44   augment 0.232
tick 18    kimg 72.0     time 2h 06m 45s   sec/tick 401.9   sec/kimg 100.48  maintenance 11.2   cpumem 6.02   gpumem 7.42   augment 0.227
tick 19    kimg 76.0     time 2h 13m 40s   sec/tick 402.1   sec/kimg 100.53  maintenance 13.2   cpumem 6.02   gpumem 7.36   augment 0.228
tick 20    kimg 80.0     time 2h 20m 37s   sec/tick 402.0   sec/kimg 100.51  maintenance 14.5   cpumem 6.02   gpumem 7.44   augment 0.222
tick 21    kimg 84.0     time 2h 27m 33s   sec/tick 402.4   sec/kimg 100.60  maintenance 14.1   cpumem 6.02   gpumem 7.33   augment 0.230
tick 22    kimg 88.0     time 2h 34m 30s   sec/tick 402.0   sec/kimg 100.51  maintenance 14.6   cpumem 6.02   gpumem 7.40   augment 0.236
tick 23    kimg 92.0     time 2h 41m 31s   sec/tick 401.2   sec/kimg 100.29  maintenance 19.6   cpumem 6.02   gpumem 7.38   augment 0.231
tick 24    kimg 96.0     time 2h 48m 31s   sec/tick 402.7   sec/kimg 100.68  maintenance 18.1   cpumem 6.02   gpumem 7.46   augment 0.235
tick 25    kimg 100.0    time 2h 55m 35s   sec/tick 402.0   sec/kimg 100.49  maintenance 21.2   cpumem 6.02   gpumem 7.46   augment 0.235
tick 26    kimg 104.0    time 3h 02m 34s   sec/tick 401.2   sec/kimg 100.29  maintenance 18.3   cpumem 6.02   gpumem 7.40   augment 0.234
tick 27    kimg 108.0    time 3h 09m 36s   sec/tick 402.3   sec/kimg 100.58  maintenance 19.4   cpumem 6.02   gpumem 7.39   augment 0.244
tick 28    kimg 112.0    time 3h 16m 39s   sec/tick 402.1   sec/kimg 100.53  maintenance 21.0   cpumem 6.02   gpumem 7.39   augment 0.240
tick 29    kimg 116.0    time 3h 23m 38s   sec/tick 401.4   sec/kimg 100.35  maintenance 17.5   cpumem 6.02   gpumem 7.41   augment 0.240
tick 30    kimg 120.0    time 3h 30m 42s   sec/tick 401.9   sec/kimg 100.48  maintenance 22.4   cpumem 6.02   gpumem 7.46   augment 0.247
tick 31    kimg 124.0    time 3h 37m 38s   sec/tick 402.0   sec/kimg 100.51  maintenance 13.9   cpumem 6.02   gpumem 7.44   augment 0.247
tick 32    kimg 128.0    time 3h 44m 38s   sec/tick 401.7   sec/kimg 100.43  maintenance 18.7   cpumem 6.02   gpumem 7.40   augment 0.243
tick 33    kimg 132.0    time 3h 51m 34s   sec/tick 402.1   sec/kimg 100.53  maintenance 13.0   cpumem 6.02   gpumem 7.42   augment 0.240
tick 34    kimg 136.0    time 3h 58m 35s   sec/tick 402.7   sec/kimg 100.67  maintenance 19.1   cpumem 6.02   gpumem 7.49   augment 0.241
tick 35    kimg 140.0    time 4h 05m 32s   sec/tick 401.4   sec/kimg 100.35  maintenance 15.6   cpumem 6.03   gpumem 7.35   augment 0.248
tick 36    kimg 144.0    time 4h 12m 37s   sec/tick 402.3   sec/kimg 100.57  maintenance 22.3   cpumem 6.05   gpumem 7.44   augment 0.248
tick 37    kimg 148.0    time 4h 19m 41s   sec/tick 402.2   sec/kimg 100.56  maintenance 21.8   cpumem 6.02   gpumem 7.41   augment 0.248
tick 38    kimg 152.0    time 4h 26m 42s   sec/tick 401.5   sec/kimg 100.38  maintenance 19.1   cpumem 6.02   gpumem 7.36   augment 0.247
tick 39    kimg 156.0    time 4h 33m 45s   sec/tick 402.0   sec/kimg 100.49  maintenance 21.3   cpumem 6.02   gpumem 7.43   augment 0.244
tick 40    kimg 160.0    time 4h 40m 49s   sec/tick 402.2   sec/kimg 100.54  maintenance 22.0   cpumem 6.02   gpumem 7.38   augment 0.248
tick 41    kimg 164.0    time 4h 47m 52s   sec/tick 401.3   sec/kimg 100.33  maintenance 22.0   cpumem 6.02   gpumem 7.37   augment 0.247
tick 42    kimg 168.0    time 4h 54m 54s   sec/tick 402.1   sec/kimg 100.52  maintenance 19.6   cpumem 6.01   gpumem 7.46   augment 0.248
tick 43    kimg 172.0    time 5h 01m 53s   sec/tick 402.0   sec/kimg 100.50  maintenance 17.0   cpumem 6.01   gpumem 7.40   augment 0.252
tick 44    kimg 176.0    time 5h 08m 49s   sec/tick 402.1   sec/kimg 100.53  maintenance 13.8   cpumem 6.01   gpumem 7.47   augment 0.249
tick 45    kimg 180.0    time 5h 15m 45s   sec/tick 402.0   sec/kimg 100.51  maintenance 13.7   cpumem 6.01   gpumem 7.38   augment 0.250
tick 46    kimg 184.0    time 5h 22m 40s   sec/tick 402.0   sec/kimg 100.50  maintenance 13.5   cpumem 6.06   gpumem 7.39   augment 0.248
tick 47    kimg 188.0    time 5h 29m 37s   sec/tick 402.0   sec/kimg 100.50  maintenance 14.4   cpumem 6.01   gpumem 7.36   augment 0.250
tick 48    kimg 192.0    time 5h 36m 33s   sec/tick 402.4   sec/kimg 100.60  maintenance 14.0   cpumem 6.05   gpumem 7.44   augment 0.247
tick 49    kimg 196.0    time 5h 43m 30s   sec/tick 401.6   sec/kimg 100.41  maintenance 15.1   cpumem 6.00   gpumem 7.39   augment 0.244
tick 50    kimg 200.0    time 5h 50m 25s   sec/tick 402.1   sec/kimg 100.52  maintenance 13.5   cpumem 5.98   gpumem 7.46   augment 0.243
tick 51    kimg 204.0    time 5h 57m 23s   sec/tick 402.3   sec/kimg 100.58  maintenance 15.5   cpumem 5.97   gpumem 7.43   augment 0.244
tick 52    kimg 208.0    time 6h 04m 21s   sec/tick 402.4   sec/kimg 100.59  maintenance 15.3   cpumem 5.95   gpumem 7.38   augment 0.248
tick 53    kimg 212.0    time 6h 11m 18s   sec/tick 401.7   sec/kimg 100.43  maintenance 15.1   cpumem 5.94   gpumem 7.47   augment 0.249
tick 54    kimg 216.0    time 6h 18m 16s   sec/tick 402.5   sec/kimg 100.62  maintenance 16.0   cpumem 5.93   gpumem 7.37   augment 0.249
tick 55    kimg 220.0    time 6h 25m 15s   sec/tick 402.0   sec/kimg 100.50  maintenance 16.3   cpumem 5.92   gpumem 7.39   augment 0.250
tick 56    kimg 224.0    time 6h 32m 13s   sec/tick 401.5   sec/kimg 100.38  maintenance 17.0   cpumem 5.92   gpumem 7.38   augment 0.248
tick 57    kimg 228.0    time 6h 39m 12s   sec/tick 402.3   sec/kimg 100.58  maintenance 17.0   cpumem 5.90   gpumem 7.42   augment 0.246
tick 58    kimg 232.0    time 6h 46m 10s   sec/tick 402.5   sec/kimg 100.63  maintenance 15.4   cpumem 5.89   gpumem 7.39   augment 0.246
tick 59    kimg 236.0    time 6h 53m 09s   sec/tick 401.5   sec/kimg 100.37  maintenance 17.1   cpumem 5.89   gpumem 7.42   augment 0.247
tick 60    kimg 240.0    time 7h 00m 08s   sec/tick 402.6   sec/kimg 100.65  maintenance 16.9   cpumem 5.87   gpumem 7.43   augment 0.243
tick 61    kimg 244.0    time 7h 07m 06s   sec/tick 402.0   sec/kimg 100.49  maintenance 16.0   cpumem 5.87   gpumem 7.41   augment 0.246
tick 62    kimg 248.0    time 7h 14m 05s   sec/tick 401.1   sec/kimg 100.28  maintenance 17.3   cpumem 5.87   gpumem 7.41   augment 0.249
tick 63    kimg 252.0    time 7h 21m 04s   sec/tick 401.9   sec/kimg 100.48  maintenance 17.7   cpumem 5.87   gpumem 7.37   augment 0.246
tick 64    kimg 256.0    time 7h 28m 01s   sec/tick 402.7   sec/kimg 100.67  maintenance 14.2   cpumem 5.86   gpumem 7.45   augment 0.246
tick 65    kimg 260.0    time 7h 34m 57s   sec/tick 401.5   sec/kimg 100.38  maintenance 14.4   cpumem 5.84   gpumem 7.39   augment 0.245
tick 66    kimg 264.0    time 7h 41m 52s   sec/tick 401.9   sec/kimg 100.47  maintenance 13.3   cpumem 5.84   gpumem 7.41   augment 0.246
tick 67    kimg 268.0    time 7h 48m 52s   sec/tick 402.2   sec/kimg 100.56  maintenance 17.2   cpumem 5.83   gpumem 7.42   augment 0.244
tick 68    kimg 272.0    time 7h 55m 47s   sec/tick 402.0   sec/kimg 100.49  maintenance 12.9   cpumem 5.82   gpumem 7.39   augment 0.245
tick 69    kimg 276.0    time 8h 02m 43s   sec/tick 402.1   sec/kimg 100.53  maintenance 14.6   cpumem 5.81   gpumem 7.44   augment 0.247
tick 70    kimg 280.0    time 8h 09m 40s   sec/tick 402.4   sec/kimg 100.60  maintenance 14.2   cpumem 5.81   gpumem 7.44   augment 0.244
tick 71    kimg 284.0    time 8h 16m 35s   sec/tick 401.2   sec/kimg 100.31  maintenance 14.1   cpumem 5.81   gpumem 7.47   augment 0.249
tick 72    kimg 288.0    time 8h 23m 32s   sec/tick 402.7   sec/kimg 100.66  maintenance 14.0   cpumem 5.81   gpumem 7.47   augment 0.252
tick 73    kimg 292.0    time 8h 30m 28s   sec/tick 402.0   sec/kimg 100.51  maintenance 14.3   cpumem 5.80   gpumem 7.39   augment 0.252
tick 74    kimg 296.0    time 8h 37m 25s   sec/tick 401.7   sec/kimg 100.43  maintenance 15.5   cpumem 5.79   gpumem 7.39   augment 0.248
tick 75    kimg 300.0    time 8h 44m 22s   sec/tick 401.7   sec/kimg 100.43  maintenance 14.5   cpumem 5.78   gpumem 7.40   augment 0.252
tick 76    kimg 304.0    time 8h 51m 17s   sec/tick 402.4   sec/kimg 100.60  maintenance 12.8   cpumem 5.77   gpumem 7.38   augment 0.253
tick 77    kimg 308.0    time 8h 58m 14s   sec/tick 402.0   sec/kimg 100.50  maintenance 15.3   cpumem 5.77   gpumem 7.45   augment 0.251
tick 78    kimg 312.0    time 9h 05m 11s   sec/tick 402.2   sec/kimg 100.54  maintenance 14.9   cpumem 5.76   gpumem 7.50   augment 0.247
tick 79    kimg 316.0    time 9h 12m 09s   sec/tick 401.9   sec/kimg 100.48  maintenance 16.0   cpumem 5.75   gpumem 7.35   augment 0.249
tick 80    kimg 320.0    time 9h 19m 04s   sec/tick 402.2   sec/kimg 100.56  maintenance 12.8   cpumem 5.75   gpumem 7.39   augment 0.249
tick 81    kimg 324.0    time 9h 25m 58s   sec/tick 401.9   sec/kimg 100.46  maintenance 12.2   cpumem 5.75   gpumem 7.49   augment 0.249
tick 82    kimg 328.0    time 9h 32m 36s   sec/tick 384.8   sec/kimg 96.20   maintenance 13.3   cpumem 5.75   gpumem 7.42   augment 0.251
tick 83    kimg 332.0    time 9h 39m 31s   sec/tick 397.1   sec/kimg 99.29   maintenance 17.8   cpumem 5.75   gpumem 7.36   augment 0.255
tick 84    kimg 336.0    time 9h 46m 22s   sec/tick 398.0   sec/kimg 99.51   maintenance 13.4   cpumem 5.75   gpumem 7.41   augment 0.258
tick 85    kimg 340.0    time 9h 53m 11s   sec/tick 397.7   sec/kimg 99.42   maintenance 10.8   cpumem 5.75   gpumem 7.52   augment 0.258
tick 86    kimg 344.0    time 10h 00m 02s  sec/tick 397.2   sec/kimg 99.30   maintenance 14.1   cpumem 5.75   gpumem 7.42   augment 0.263
tick 87    kimg 348.0    time 10h 06m 54s  sec/tick 397.8   sec/kimg 99.44   maintenance 13.8   cpumem 5.75   gpumem 7.38   augment 0.266
tick 88    kimg 352.0    time 10h 13m 45s  sec/tick 398.0   sec/kimg 99.51   maintenance 13.4   cpumem 5.75   gpumem 7.42   augment 0.264
tick 89    kimg 356.0    time 10h 20m 36s  sec/tick 397.1   sec/kimg 99.27   maintenance 13.3   cpumem 5.76   gpumem 7.51   augment 0.263
tick 90    kimg 360.0    time 10h 27m 27s  sec/tick 397.9   sec/kimg 99.48   maintenance 13.3   cpumem 5.76   gpumem 7.47   augment 0.260
tick 91    kimg 364.0    time 10h 34m 18s  sec/tick 397.4   sec/kimg 99.35   maintenance 13.4   cpumem 5.76   gpumem 7.44   augment 0.258
tick 92    kimg 368.0    time 10h 41m 08s  sec/tick 397.3   sec/kimg 99.33   maintenance 13.2   cpumem 5.76   gpumem 7.38   augment 0.255
tick 93    kimg 372.0    time 10h 47m 59s  sec/tick 397.9   sec/kimg 99.47   maintenance 13.3   cpumem 5.76   gpumem 7.65   augment 0.255
tick 94    kimg 376.0    time 10h 54m 50s  sec/tick 397.6   sec/kimg 99.39   maintenance 13.2   cpumem 5.76   gpumem 7.46   augment 0.258
tick 95    kimg 380.0    time 11h 01m 40s  sec/tick 397.0   sec/kimg 99.26   maintenance 13.1   cpumem 5.76   gpumem 7.41   augment 0.261
tick 96    kimg 384.0    time 11h 08m 32s  sec/tick 398.2   sec/kimg 99.56   maintenance 13.2   cpumem 5.76   gpumem 7.43   augment 0.264
tick 97    kimg 388.0    time 11h 15m 22s  sec/tick 397.6   sec/kimg 99.41   maintenance 13.1   cpumem 5.76   gpumem 7.39   augment 0.263
tick 98    kimg 392.0    time 11h 22m 13s  sec/tick 397.1   sec/kimg 99.28   maintenance 13.2   cpumem 5.76   gpumem 7.39   augment 0.258
tick 99    kimg 396.0    time 11h 29m 04s  sec/tick 397.9   sec/kimg 99.49   maintenance 13.3   cpumem 5.76   gpumem 7.37   augment 0.261
tick 100   kimg 400.0    time 11h 35m 57s  sec/tick 397.9   sec/kimg 99.48   maintenance 15.6   cpumem 5.76   gpumem 7.41   augment 0.256
tick 101   kimg 404.0    time 11h 42m 49s  sec/tick 397.0   sec/kimg 99.24   maintenance 14.9   cpumem 5.76   gpumem 7.38   augment 0.258
tick 102   kimg 408.0    time 11h 49m 41s  sec/tick 397.8   sec/kimg 99.45   maintenance 13.5   cpumem 5.76   gpumem 7.40   augment 0.261
tick 103   kimg 412.0    time 11h 56m 32s  sec/tick 397.7   sec/kimg 99.43   maintenance 13.8   cpumem 5.76   gpumem 7.47   augment 0.266
tick 104   kimg 416.0    time 12h 03m 23s  sec/tick 397.3   sec/kimg 99.34   maintenance 13.9   cpumem 5.76   gpumem 7.42   augment 0.264
tick 105   kimg 420.0    time 12h 10m 15s  sec/tick 397.8   sec/kimg 99.44   maintenance 14.3   cpumem 5.76   gpumem 7.45   augment 0.266
tick 106   kimg 424.0    time 12h 17m 07s  sec/tick 397.8   sec/kimg 99.45   maintenance 13.6   cpumem 5.76   gpumem 7.40   augment 0.264
tick 107   kimg 428.0    time 12h 23m 58s  sec/tick 396.8   sec/kimg 99.20   maintenance 14.0   cpumem 5.76   gpumem 7.39   augment 0.258
tick 108   kimg 432.0    time 12h 30m 49s  sec/tick 397.7   sec/kimg 99.43   maintenance 13.9   cpumem 5.76   gpumem 7.57   augment 0.257
tick 109   kimg 436.0    time 12h 37m 42s  sec/tick 397.7   sec/kimg 99.44   maintenance 14.5   cpumem 5.76   gpumem 7.47   augment 0.257
tick 110   kimg 440.0    time 12h 44m 32s  sec/tick 397.0   sec/kimg 99.26   maintenance 13.6   cpumem 5.76   gpumem 7.46   augment 0.259
tick 111   kimg 444.0    time 12h 51m 27s  sec/tick 397.6   sec/kimg 99.40   maintenance 17.4   cpumem 5.76   gpumem 7.47   augment 0.260
tick 112   kimg 448.0    time 12h 58m 21s  sec/tick 398.0   sec/kimg 99.51   maintenance 16.2   cpumem 5.79   gpumem 7.49   augment 0.259
tick 113   kimg 452.0    time 13h 05m 13s  sec/tick 397.0   sec/kimg 99.24   maintenance 14.9   cpumem 5.76   gpumem 7.39   augment 0.260
tick 114   kimg 456.0    time 13h 12m 07s  sec/tick 397.5   sec/kimg 99.37   maintenance 16.7   cpumem 5.76   gpumem 7.52   augment 0.262
tick 115   kimg 460.0    time 13h 19m 02s  sec/tick 397.9   sec/kimg 99.47   maintenance 16.7   cpumem 5.76   gpumem 7.38   augment 0.255
tick 116   kimg 464.0    time 13h 25m 56s  sec/tick 397.2   sec/kimg 99.30   maintenance 16.3   cpumem 5.76   gpumem 7.37   augment 0.251
tick 117   kimg 468.0    time 13h 32m 51s  sec/tick 397.4   sec/kimg 99.36   maintenance 17.6   cpumem 5.76   gpumem 7.40   augment 0.251
tick 118   kimg 472.0    time 13h 39m 47s  sec/tick 397.9   sec/kimg 99.48   maintenance 18.9   cpumem 5.76   gpumem 7.38   augment 0.252
tick 119   kimg 476.0    time 13h 46m 42s  sec/tick 399.5   sec/kimg 99.88   maintenance 14.9   cpumem 5.76   gpumem 7.42   augment 0.258
tick 120   kimg 480.0    time 13h 53m 37s  sec/tick 397.7   sec/kimg 99.42   maintenance 17.0   cpumem 5.76   gpumem 7.40   augment 0.259
tick 121   kimg 484.0    time 14h 00m 29s  sec/tick 398.5   sec/kimg 99.62   maintenance 14.3   cpumem 5.76   gpumem 7.39   augment 0.265
tick 122   kimg 488.0    time 14h 07m 24s  sec/tick 400.4   sec/kimg 100.09  maintenance 14.5   cpumem 5.76   gpumem 7.42   augment 0.264
tick 123   kimg 492.0    time 14h 14m 21s  sec/tick 399.4   sec/kimg 99.86   maintenance 17.5   cpumem 5.76   gpumem 7.42   augment 0.266
tick 124   kimg 496.0    time 14h 21m 14s  sec/tick 398.0   sec/kimg 99.49   maintenance 14.6   cpumem 5.76   gpumem 7.52   augment 0.265
tick 125   kimg 500.0    time 14h 28m 07s  sec/tick 397.6   sec/kimg 99.40   maintenance 15.4   cpumem 5.76   gpumem 7.44   augment 0.270
tick 126   kimg 504.0    time 14h 35m 01s  sec/tick 397.9   sec/kimg 99.49   maintenance 16.3   cpumem 5.76   gpumem 7.44   augment 0.268
tick 127   kimg 508.0    time 14h 41m 54s  sec/tick 398.7   sec/kimg 99.67   maintenance 13.9   cpumem 5.76   gpumem 7.44   augment 0.263
tick 128   kimg 512.0    time 14h 48m 46s  sec/tick 397.6   sec/kimg 99.40   maintenance 14.7   cpumem 5.76   gpumem 7.38   augment 0.266
tick 129   kimg 516.0    time 14h 55m 39s  sec/tick 398.8   sec/kimg 99.70   maintenance 14.7   cpumem 5.76   gpumem 7.44   augment 0.263
tick 130   kimg 520.0    time 15h 02m 34s  sec/tick 399.5   sec/kimg 99.88   maintenance 15.6   cpumem 5.76   gpumem 7.62   augment 0.263
tick 131   kimg 524.0    time 15h 09m 27s  sec/tick 398.1   sec/kimg 99.52   maintenance 14.4   cpumem 5.76   gpumem 7.41   augment 0.262
tick 132   kimg 528.0    time 15h 16m 21s  sec/tick 399.1   sec/kimg 99.79   maintenance 15.3   cpumem 5.76   gpumem 7.48   augment 0.264
tick 133   kimg 532.0    time 15h 23m 12s  sec/tick 398.4   sec/kimg 99.59   maintenance 12.2   cpumem 5.76   gpumem 7.43   augment 0.269
tick 134   kimg 536.0    time 15h 30m 04s  sec/tick 398.5   sec/kimg 99.63   maintenance 13.2   cpumem 5.76   gpumem 7.45   augment 0.273
tick 135   kimg 540.0    time 15h 36m 58s  sec/tick 398.9   sec/kimg 99.72   maintenance 15.2   cpumem 5.76   gpumem 7.60   augment 0.268
tick 136   kimg 544.0    time 15h 43m 55s  sec/tick 400.5   sec/kimg 100.14  maintenance 17.1   cpumem 5.76   gpumem 7.49   augment 0.269
tick 137   kimg 548.0    time 15h 50m 45s  sec/tick 397.6   sec/kimg 99.39   maintenance 12.2   cpumem 5.76   gpumem 7.47   augment 0.267
tick 138   kimg 552.0    time 15h 57m 40s  sec/tick 397.8   sec/kimg 99.46   maintenance 17.4   cpumem 5.76   gpumem 7.42   augment 0.267
tick 139   kimg 556.0    time 16h 04m 35s  sec/tick 398.9   sec/kimg 99.73   maintenance 15.5   cpumem 5.77   gpumem 7.42   augment 0.268
tick 140   kimg 560.0    time 16h 11m 27s  sec/tick 399.3   sec/kimg 99.83   maintenance 13.3   cpumem 5.77   gpumem 7.42   augment 0.273
tick 141   kimg 564.0    time 16h 18m 20s  sec/tick 398.2   sec/kimg 99.56   maintenance 14.5   cpumem 5.77   gpumem 7.50   augment 0.276
tick 142   kimg 568.0    time 16h 25m 11s  sec/tick 398.0   sec/kimg 99.49   maintenance 13.2   cpumem 5.77   gpumem 7.47   augment 0.275
tick 143   kimg 572.0    time 16h 32m 03s  sec/tick 398.5   sec/kimg 99.63   maintenance 12.9   cpumem 5.77   gpumem 7.41   augment 0.276
tick 144   kimg 576.0    time 16h 38m 54s  sec/tick 398.3   sec/kimg 99.57   maintenance 13.1   cpumem 5.77   gpumem 7.42   augment 0.276
tick 145   kimg 580.0    time 16h 45m 45s  sec/tick 397.8   sec/kimg 99.45   maintenance 13.6   cpumem 5.77   gpumem 7.49   augment 0.268
tick 146   kimg 584.0    time 16h 52m 36s  sec/tick 397.1   sec/kimg 99.27   maintenance 13.3   cpumem 5.77   gpumem 7.43   augment 0.266
tick 147   kimg 588.0    time 16h 59m 33s  sec/tick 400.3   sec/kimg 100.08  maintenance 16.9   cpumem 5.77   gpumem 7.37   augment 0.266
tick 148   kimg 592.0    time 17h 06m 28s  sec/tick 399.2   sec/kimg 99.79   maintenance 15.7   cpumem 5.76   gpumem 7.52   augment 0.267
tick 149   kimg 596.0    time 17h 13m 18s  sec/tick 397.0   sec/kimg 99.24   maintenance 13.5   cpumem 5.76   gpumem 7.39   augment 0.267
tick 150   kimg 600.0    time 17h 19m 57s  sec/tick 382.1   sec/kimg 95.52   maintenance 16.0   cpumem 5.76   gpumem 7.43   augment 0.268
tick 151   kimg 604.0    time 17h 26m 46s  sec/tick 391.3   sec/kimg 97.82   maintenance 18.0   cpumem 5.76   gpumem 7.37   augment 0.268
tick 152   kimg 608.0    time 17h 33m 38s  sec/tick 397.1   sec/kimg 99.26   maintenance 14.9   cpumem 5.77   gpumem 7.40   augment 0.268
tick 153   kimg 612.0    time 17h 40m 31s  sec/tick 397.4   sec/kimg 99.34   maintenance 15.6   cpumem 5.77   gpumem 7.42   augment 0.267
tick 154   kimg 616.0    time 17h 47m 12s  sec/tick 384.6   sec/kimg 96.14   maintenance 16.1   cpumem 5.77   gpumem 7.36   augment 0.267
tick 155   kimg 620.0    time 17h 54m 02s  sec/tick 397.0   sec/kimg 99.26   maintenance 13.2   cpumem 5.77   gpumem 7.37   augment 0.267
tick 156   kimg 624.0    time 18h 00m 57s  sec/tick 397.9   sec/kimg 99.47   maintenance 17.4   cpumem 5.77   gpumem 7.43   augment 0.268
tick 157   kimg 628.0    time 18h 07m 53s  sec/tick 397.9   sec/kimg 99.49   maintenance 17.5   cpumem 5.77   gpumem 7.52   augment 0.268
tick 158   kimg 632.0    time 18h 14m 48s  sec/tick 397.0   sec/kimg 99.26   maintenance 18.4   cpumem 5.77   gpumem 7.43   augment 0.270
tick 159   kimg 636.0    time 18h 21m 40s  sec/tick 397.7   sec/kimg 99.44   maintenance 14.4   cpumem 5.77   gpumem 7.43   augment 0.271
tick 160   kimg 640.0    time 18h 28m 35s  sec/tick 398.3   sec/kimg 99.56   maintenance 16.6   cpumem 5.77   gpumem 7.43   augment 0.271
tick 161   kimg 644.0    time 18h 35m 29s  sec/tick 397.1   sec/kimg 99.27   maintenance 16.6   cpumem 5.77   gpumem 7.40   augment 0.272
tick 162   kimg 648.0    time 18h 42m 22s  sec/tick 397.9   sec/kimg 99.47   maintenance 15.7   cpumem 5.77   gpumem 7.45   augment 0.273
tick 163   kimg 652.0    time 18h 49m 18s  sec/tick 398.0   sec/kimg 99.50   maintenance 17.3   cpumem 5.77   gpumem 7.43   augment 0.270
tick 164   kimg 656.0    time 18h 56m 13s  sec/tick 397.5   sec/kimg 99.37   maintenance 17.7   cpumem 5.77   gpumem 7.39   augment 0.270
tick 165   kimg 660.0    time 19h 03m 10s  sec/tick 397.6   sec/kimg 99.39   maintenance 19.2   cpumem 5.77   gpumem 7.41   augment 0.271
tick 166   kimg 664.0    time 19h 09m 49s  sec/tick 383.9   sec/kimg 95.98   maintenance 15.6   cpumem 5.77   gpumem 7.42   augment 0.275
tick 167   kimg 668.0    time 19h 16m 47s  sec/tick 398.2   sec/kimg 99.54   maintenance 19.7   cpumem 5.77   gpumem 7.46   augment 0.270
tick 168   kimg 672.0    time 19h 23m 44s  sec/tick 398.8   sec/kimg 99.70   maintenance 18.4   cpumem 5.77   gpumem 7.41   augment 0.268
tick 169   kimg 676.0    time 19h 30m 41s  sec/tick 398.6   sec/kimg 99.66   maintenance 18.5   cpumem 5.77   gpumem 7.41   augment 0.266
tick 170   kimg 680.0    time 19h 37m 34s  sec/tick 398.1   sec/kimg 99.51   maintenance 14.7   cpumem 5.77   gpumem 7.52   augment 0.267
tick 171   kimg 684.0    time 19h 44m 30s  sec/tick 398.7   sec/kimg 99.69   maintenance 17.3   cpumem 5.77   gpumem 7.43   augment 0.268
tick 172   kimg 688.0    time 19h 51m 27s  sec/tick 399.1   sec/kimg 99.77   maintenance 17.3   cpumem 5.77   gpumem 7.42   augment 0.268
tick 173   kimg 692.0    time 19h 58m 23s  sec/tick 398.0   sec/kimg 99.49   maintenance 18.8   cpumem 5.77   gpumem 7.45   augment 0.263
tick 174   kimg 696.0    time 20h 05m 17s  sec/tick 398.7   sec/kimg 99.67   maintenance 15.2   cpumem 5.77   gpumem 7.39   augment 0.268
tick 175   kimg 700.0    time 20h 12m 12s  sec/tick 398.5   sec/kimg 99.63   maintenance 16.6   cpumem 5.77   gpumem 7.42   augment 0.269
tick 176   kimg 704.0    time 20h 19m 06s  sec/tick 398.4   sec/kimg 99.60   maintenance 15.5   cpumem 5.77   gpumem 7.45   augment 0.271
tick 177   kimg 708.0    time 20h 25m 58s  sec/tick 399.0   sec/kimg 99.75   maintenance 13.2   cpumem 5.77   gpumem 7.41   augment 0.273
tick 178   kimg 712.0    time 20h 32m 56s  sec/tick 398.9   sec/kimg 99.72   maintenance 18.5   cpumem 5.77   gpumem 7.48   augment 0.275
tick 179   kimg 716.0    time 20h 39m 52s  sec/tick 398.2   sec/kimg 99.54   maintenance 18.0   cpumem 5.77   gpumem 7.48   augment 0.276
tick 180   kimg 720.0    time 20h 46m 48s  sec/tick 399.1   sec/kimg 99.76   maintenance 17.0   cpumem 5.77   gpumem 7.41   augment 0.275
tick 181   kimg 724.0    time 20h 53m 44s  sec/tick 398.8   sec/kimg 99.70   maintenance 17.3   cpumem 5.77   gpumem 7.43   augment 0.277
tick 182   kimg 728.0    time 21h 00m 39s  sec/tick 398.3   sec/kimg 99.58   maintenance 17.1   cpumem 5.77   gpumem 7.52   augment 0.277
tick 183   kimg 732.0    time 21h 07m 44s  sec/tick 405.9   sec/kimg 101.48  maintenance 18.8   cpumem 5.77   gpumem 7.42   augment 0.283
tick 184   kimg 736.0    time 21h 14m 52s  sec/tick 409.6   sec/kimg 102.41  maintenance 18.4   cpumem 5.77   gpumem 7.43   augment 0.283
tick 185   kimg 740.0    time 21h 21m 52s  sec/tick 400.5   sec/kimg 100.13  maintenance 19.4   cpumem 5.77   gpumem 7.46   augment 0.280
tick 186   kimg 744.0    time 21h 28m 51s  sec/tick 402.7   sec/kimg 100.67  maintenance 16.0   cpumem 5.77   gpumem 7.36   augment 0.279
tick 187   kimg 748.0    time 21h 35m 50s  sec/tick 401.4   sec/kimg 100.36  maintenance 17.8   cpumem 5.77   gpumem 7.41   augment 0.279
tick 188   kimg 752.0    time 21h 42m 49s  sec/tick 401.0   sec/kimg 100.25  maintenance 18.4   cpumem 5.77   gpumem 7.40   augment 0.278
tick 189   kimg 756.0    time 21h 49m 49s  sec/tick 401.6   sec/kimg 100.39  maintenance 18.3   cpumem 5.77   gpumem 7.47   augment 0.283
tick 190   kimg 760.0    time 21h 56m 49s  sec/tick 402.0   sec/kimg 100.50  maintenance 17.6   cpumem 5.77   gpumem 7.41   augment 0.280
tick 191   kimg 764.0    time 22h 03m 44s  sec/tick 399.4   sec/kimg 99.86   maintenance 15.4   cpumem 5.77   gpumem 7.49   augment 0.277
tick 192   kimg 768.0    time 22h 10m 38s  sec/tick 399.5   sec/kimg 99.87   maintenance 14.7   cpumem 5.77   gpumem 7.39   augment 0.281
tick 193   kimg 772.0    time 22h 17m 44s  sec/tick 405.8   sec/kimg 101.46  maintenance 19.9   cpumem 5.77   gpumem 7.49   augment 0.280
tick 194   kimg 776.0    time 22h 24m 39s  sec/tick 398.9   sec/kimg 99.72   maintenance 16.4   cpumem 5.77   gpumem 7.43   augment 0.279
tick 195   kimg 780.0    time 22h 31m 39s  sec/tick 401.3   sec/kimg 100.34  maintenance 19.3   cpumem 5.77   gpumem 7.61   augment 0.275
tick 196   kimg 784.0    time 22h 38m 40s  sec/tick 403.4   sec/kimg 100.85  maintenance 17.5   cpumem 5.77   gpumem 7.45   augment 0.282
tick 197   kimg 788.0    time 22h 45m 43s  sec/tick 403.5   sec/kimg 100.88  maintenance 19.3   cpumem 5.77   gpumem 7.39   augment 0.278
tick 198   kimg 792.0    time 22h 52m 41s  sec/tick 403.4   sec/kimg 100.86  maintenance 13.9   cpumem 5.77   gpumem 7.47   augment 0.277
tick 199   kimg 796.0    time 22h 59m 44s  sec/tick 404.8   sec/kimg 101.20  maintenance 18.7   cpumem 5.77   gpumem 7.46   augment 0.279
tick 200   kimg 800.0    time 23h 06m 49s  sec/tick 406.2   sec/kimg 101.55  maintenance 18.3   cpumem 5.79   gpumem 7.48   augment 0.276
tick 201   kimg 804.0    time 23h 13m 51s  sec/tick 399.6   sec/kimg 99.90   maintenance 22.5   cpumem 5.77   gpumem 7.43   augment 0.277
tick 202   kimg 808.0    time 23h 20m 51s  sec/tick 404.4   sec/kimg 101.11  maintenance 15.5   cpumem 5.77   gpumem 7.51   augment 0.279
tick 203   kimg 812.0    time 23h 27m 54s  sec/tick 402.1   sec/kimg 100.53  maintenance 21.1   cpumem 5.77   gpumem 7.61   augment 0.276
tick 204   kimg 816.0    time 23h 34m 52s  sec/tick 399.5   sec/kimg 99.88   maintenance 19.0   cpumem 5.77   gpumem 7.43   augment 0.281
tick 205   kimg 820.0    time 23h 41m 56s  sec/tick 404.4   sec/kimg 101.10  maintenance 19.2   cpumem 5.77   gpumem 7.44   augment 0.278
tick 206   kimg 824.0    time 23h 48m 51s  sec/tick 399.0   sec/kimg 99.74   maintenance 16.4   cpumem 5.77   gpumem 7.43   augment 0.276
tick 207   kimg 828.0    time 23h 55m 53s  sec/tick 403.6   sec/kimg 100.90  maintenance 18.6   cpumem 5.77   gpumem 7.44   augment 0.278
tick 208   kimg 832.0    time 1d 00h 02m   sec/tick 400.4   sec/kimg 100.10  maintenance 19.9   cpumem 5.77   gpumem 7.42   augment 0.280
tick 209   kimg 836.0    time 1d 00h 09m   sec/tick 398.5   sec/kimg 99.63   maintenance 15.7   cpumem 5.77   gpumem 7.43   augment 0.275
tick 210   kimg 840.0    time 1d 00h 16m   sec/tick 399.5   sec/kimg 99.87   maintenance 19.2   cpumem 5.77   gpumem 7.44   augment 0.276
tick 211   kimg 844.0    time 1d 00h 23m   sec/tick 399.3   sec/kimg 99.82   maintenance 16.6   cpumem 5.77   gpumem 7.52   augment 0.278
tick 212   kimg 848.0    time 1d 00h 30m   sec/tick 399.0   sec/kimg 99.75   maintenance 22.6   cpumem 5.77   gpumem 7.43   augment 0.277
tick 213   kimg 852.0    time 1d 00h 37m   sec/tick 400.4   sec/kimg 100.10  maintenance 19.1   cpumem 5.77   gpumem 7.43   augment 0.276
tick 214   kimg 856.0    time 1d 00h 44m   sec/tick 399.1   sec/kimg 99.76   maintenance 21.2   cpumem 5.77   gpumem 7.44   augment 0.274
tick 215   kimg 860.0    time 1d 00h 51m   sec/tick 399.3   sec/kimg 99.82   maintenance 17.6   cpumem 5.77   gpumem 7.41   augment 0.279
