
Training options:
{
  "num_gpus": 1,
  "image_snapshot_ticks": 1,
  "network_snapshot_ticks": 1,
  "metrics": [
    "fid50k_full"
  ],
  "random_seed": 0,
  "training_set_kwargs": {
    "class_name": "training.dataset.ImageFolderDataset",
    "path": "./datasets/post-impressionist",
    "use_labels": false,
    "max_size": 2931,
    "xflip": false,
    "resolution": 512
  },
  "data_loader_kwargs": {
    "pin_memory": true,
    "num_workers": 1,
    "prefetch_factor": 2
  },
  "G_kwargs": {
    "class_name": "training.networks.Generator",
    "z_dim": 512,
    "w_dim": 512,
    "mapping_kwargs": {
      "num_layers": 2
    },
    "synthesis_kwargs": {
      "channel_base": 32768,
      "channel_max": 512,
      "num_fp16_res": 4,
      "conv_clamp": 256
    }
  },
  "D_kwargs": {
    "class_name": "training.networks.Discriminator",
    "block_kwargs": {},
    "mapping_kwargs": {},
    "epilogue_kwargs": {
      "mbstd_group_size": 4
    },
    "channel_base": 32768,
    "channel_max": 512,
    "num_fp16_res": 4,
    "conv_clamp": 256
  },
  "G_opt_kwargs": {
    "class_name": "torch.optim.Adam",
    "lr": 0.0025,
    "betas": [
      0,
      0.99
    ],
    "eps": 1e-08
  },
  "D_opt_kwargs": {
    "class_name": "torch.optim.Adam",
    "lr": 0.0025,
    "betas": [
      0,
      0.99
    ],
    "eps": 1e-08
  },
  "loss_kwargs": {
    "class_name": "training.loss.StyleGAN2Loss",
    "r1_gamma": 30.0
  },
  "total_kimg": 1000,
  "batch_size": 8,
  "batch_gpu": 8,
  "ema_kimg": 2.5,
  "ema_rampup": null,
  "ada_target": 0.6,
  "augment_kwargs": {
    "class_name": "training.augment.AugmentPipe",
    "xflip": 1,
    "rotate90": 1,
    "xint": 1,
    "scale": 1,
    "rotate": 1,
    "aniso": 1,
    "xfrac": 1,
    "brightness": 1,
    "contrast": 1,
    "lumaflip": 1,
    "hue": 1,
    "saturation": 1
  },
  "resume_pkl": "../transfer_weights/ffhq-res512-mirror-stylegan2-noaug.pkl",
  "ada_kimg": 100,
  "run_dir": "./results/00006-post-impressionist-auto1-gamma30-kimg1000-batch8-ada-resumecustom"
}

Output directory:   ./results/00006-post-impressionist-auto1-gamma30-kimg1000-batch8-ada-resumecustom
Training data:      ./datasets/post-impressionist
Training duration:  1000 kimg
Number of GPUs:     1
Number of images:   2931
Image resolution:   512
Conditional model:  False
Dataset x-flips:    False

Creating output directory...
Launching processes...
Loading training set...

Num images:  2931
Image shape: [3, 512, 512]
Label shape: [0]

Constructing networks...
Resuming from "../transfer_weights/ffhq-res512-mirror-stylegan2-noaug.pkl"
Traceback (most recent call last):
  File "/home/s25vargason1/gabe/stylegan2-ada-pytorch/train.py", line 544, in <module>
    main() # pylint: disable=no-value-for-parameter
  File "/home/s25vargason1/miniconda3/envs/venv/lib/python3.9/site-packages/click/core.py", line 1161, in __call__
    return self.main(*args, **kwargs)
  File "/home/s25vargason1/miniconda3/envs/venv/lib/python3.9/site-packages/click/core.py", line 1082, in main
    rv = self.invoke(ctx)
  File "/home/s25vargason1/miniconda3/envs/venv/lib/python3.9/site-packages/click/core.py", line 1443, in invoke
    return ctx.invoke(self.callback, **ctx.params)
  File "/home/s25vargason1/miniconda3/envs/venv/lib/python3.9/site-packages/click/core.py", line 788, in invoke
    return __callback(*args, **kwargs)
  File "/home/s25vargason1/miniconda3/envs/venv/lib/python3.9/site-packages/click/decorators.py", line 33, in new_func
    return f(get_current_context(), *args, **kwargs)
  File "/home/s25vargason1/gabe/stylegan2-ada-pytorch/train.py", line 537, in main
    subprocess_fn(rank=0, args=args, temp_dir=temp_dir)
  File "/home/s25vargason1/gabe/stylegan2-ada-pytorch/train.py", line 388, in subprocess_fn
    training_loop.training_loop(rank=rank, **args)
  File "/home/s25vargason1/gabe/stylegan2-ada-pytorch/training/training_loop.py", line 157, in training_loop
    with dnnlib.util.open_url(resume_pkl) as f:
  File "/home/s25vargason1/gabe/stylegan2-ada-pytorch/dnnlib/util.py", line 389, in open_url
    return url if return_filename else open(url, "rb")
FileNotFoundError: [Errno 2] No such file or directory: '../transfer_weights/ffhq-res512-mirror-stylegan2-noaug.pkl'
Training started. Logs will be saved to: ./results/training_log_20250424_101005.txt
