📥 Loading Inception model...
📥 Loading real images...
🧮 Computing real image features...

🔍 Evaluating snapshot 100 kimg: /home/s25vargason1/richard/512_basic_training/stylegan2-ada-pytorch/results/00008-post-impressionist-auto1-ada-resumecustom/network-snapshot-000100.pkl
🖼️ Generating 4000 fake images...
Setting up PyTorch plugin "bias_act_plugin"... Done.
Setting up PyTorch plugin "upfirdn2d_plugin"... Done.
Traceback (most recent call last):
  File "/home/s25vargason1/fid_calc/fid_calc.py", line 96, in <module>
    img = G(z=z, c=c, truncation_psi=1.0, noise_mode='const')
  File "/home/s25vargason1/miniconda3/envs/venv/lib/python3.9/site-packages/torch/nn/modules/module.py", line 1051, in _call_impl
    return forward_call(*input, **kwargs)
  File "<string>", line 499, in forward
  File "/home/s25vargason1/miniconda3/envs/venv/lib/python3.9/site-packages/torch/nn/modules/module.py", line 1051, in _call_impl
    return forward_call(*input, **kwargs)
  File "<string>", line 471, in forward
  File "/home/s25vargason1/miniconda3/envs/venv/lib/python3.9/site-packages/torch/nn/modules/module.py", line 1051, in _call_impl
    return forward_call(*input, **kwargs)
  File "<string>", line 405, in forward
  File "/home/s25vargason1/miniconda3/envs/venv/lib/python3.9/site-packages/torch/nn/modules/module.py", line 1051, in _call_impl
    return forward_call(*input, **kwargs)
  File "<string>", line 299, in forward
  File "/home/s25vargason1/richard/512_basic_training/stylegan2-ada-pytorch/torch_utils/misc.py", line 101, in decorator
    return fn(*args, **kwargs)
  File "<string>", line 65, in modulated_conv2d
  File "/home/s25vargason1/richard/512_basic_training/stylegan2-ada-pytorch/torch_utils/misc.py", line 101, in decorator
    return fn(*args, **kwargs)
  File "/home/s25vargason1/richard/512_basic_training/stylegan2-ada-pytorch/torch_utils/ops/conv2d_resample.py", line 139, in conv2d_resample
    x = upfirdn2d.upfirdn2d(x=x, f=f, padding=[px0+pxt,px1+pxt,py0+pyt,py1+pyt], gain=up**2, flip_filter=flip_filter)
  File "/home/s25vargason1/richard/512_basic_training/stylegan2-ada-pytorch/torch_utils/ops/upfirdn2d.py", line 163, in upfirdn2d
    return _upfirdn2d_cuda(up=up, down=down, padding=padding, flip_filter=flip_filter, gain=gain).apply(x, f)
  File "/home/s25vargason1/richard/512_basic_training/stylegan2-ada-pytorch/torch_utils/ops/upfirdn2d.py", line 237, in forward
    y = _plugin.upfirdn2d(y, f, upx, upy, downx, downy, padx0, padx1, pady0, pady1, flip_filter, gain)
RuntimeError: CUDA out of memory. Tried to allocate 512.00 MiB (GPU 0; 23.50 GiB total capacity; 7.88 GiB already allocated; 188.38 MiB free; 9.69 GiB reserved in total by PyTorch)
srun: error: gpu001: task 0: Exited with exit code 1
